  Update.cpp
  TaskWindow.cpp
  Task.cpp
  SimulationData.cpp
  Simulation.cpp
  Vac.cpp
  SimTool.cpp
  PGrv.cpp
  NGrv.cpp
  Mix.cpp
  Heat.cpp
  Cool.cpp
  AirTool.cpp
  Sign.cpp
  SaveRenderer.cpp
  Particle.cpp
  Gravity.cpp
  YEST.cpp
  WTRV.cpp
  WOOD.cpp
  Generating Code...
  Compiling...
  WIRE.cpp
  WIFI.cpp
  WHOL.cpp
  WAX.cpp
  WATR.cpp
  WARP.cpp
  VRSS.cpp
  VRSG.cpp
  VOID.cpp
  VIRS.cpp
  VINE.cpp
  VIBR.cpp
  URAN.cpp
  TUNG.cpp
  TTAN.cpp
  TSNS.cpp
  TRON.cpp
  THRM.cpp
  THDR.cpp
  TESC.cpp
  Generating Code...
  Compiling...
  SWCH.cpp
  STOR.cpp
  STNE.cpp
  STKM2.cpp
  STKM.cpp
  SPRK.cpp
  SPNG.cpp
  SPAWN2.cpp
  SPAWN.cpp
  SOAP.cpp
  SNOW.cpp
  SMKE.cpp
  SLTW.cpp
  SING.cpp
  SHLD4.cpp
  SHLD3.cpp
  SHLD2.cpp
  SHLD1.cpp
  SAND.cpp
  SALT.cpp
  Generating Code...
  Compiling...
  RPEL.cpp
  RIME.cpp
  RBDM.cpp
  QRTZ.cpp
  PVOD.cpp
  PUMP.cpp
  PTCT.cpp
  PSTS.cpp
  PSTN.cpp
  PSTE.cpp
  PSNS.cpp
  PSCN.cpp
  PRTO.cpp
  PRTI.cpp
  PROT.cpp
  PQRT.cpp
  PPIP.cpp
  PLUT.cpp
  PLSM.cpp
  PLNT.cpp
  Generating Code...
  Compiling...
  PLEX.cpp
  PIPE.cpp
  PHOT.cpp
  PCLN.cpp
  PBCN.cpp
  OIL.cpp
  O2.cpp
  NWHL.cpp
  NTCT.cpp
  NSCN.cpp
  NONE.cpp
  NITR.cpp
  NICE.cpp
  NEUT.cpp
  NBLE.cpp
  NBHL.cpp
  MWAX.cpp
  MORT.cpp
  METL.cpp
  MERC.cpp
  Generating Code...
  Compiling...
  LRBD.cpp
  LOVE.cpp
  LOLZ.cpp
  LO2.cpp
  LNTG.cpp
  LIGH.cpp
  LIFE.cpp
  LCRY.cpp
  LAVA.cpp
  ISZS.cpp
  ISOZ.cpp
  IRON.cpp
  INWR.cpp
  INVIS.cpp
  INST.cpp
  INSL.cpp
  IGNT.cpp
  ICEI.cpp
  HSWC.cpp
  H2.cpp
  Generating Code...
  Compiling...
  GUNP.cpp
  GRVT.cpp
  GRAV.cpp
  GPMP.cpp
  GOO.cpp
  GOLD.cpp
  GLOW.cpp
  GLAS.cpp
  GEL.cpp
  GBMB.cpp
  GAS.cpp
  FWRK.cpp
  FUSE.cpp
  FSEP.cpp
  FRZZ.cpp
  FRZW.cpp
  FRME.cpp
  FRAY.cpp
  FOG.cpp
  FIRW.cpp
  Generating Code...
  Compiling...
  FIRE.cpp
  FILT.cpp
  FIGH.cpp
  EXOT.cpp
  ETRD.cpp
  EMP.cpp
  EMBR.cpp
  Element.cpp
  ELEC.cpp
  DYST.cpp
  DUST.cpp
  DTEC.cpp
  DSTW.cpp
  DRIC.cpp
  DRAY.cpp
  DMND.cpp
  DMG.cpp
  DLAY.cpp
  DEUT.cpp
  DEST.cpp
  Generating Code...
  Compiling...
  DESL.cpp
  DCEL.cpp
  CRMC.cpp
  CRAY.cpp
  CONV.cpp
  COAL.cpp
  CO2.cpp
  CNCT.cpp
  CLST.cpp
  CLNE.cpp
  CFLM.cpp
  CBNW.cpp
  CAUS.cpp
  C5.cpp
  BVBR.cpp
  BTRY.cpp
  BRMT.cpp
  BREC.cpp
  BRCK.cpp
  BRAY.cpp
  Generating Code...
  Compiling...
  BOYL.cpp
  BOMB.cpp
  BMTL.cpp
  BIZRS.cpp
  BIZRG.cpp
  BIZR.cpp
  BHOL.cpp
  BGLA.cpp
  BCOL.cpp
  BCLN.cpp
  BANG.cpp
  ARAY.cpp
  ANAR.cpp
  AMTR.cpp
  ACID.cpp
  ACEL.cpp
  146.cpp
  116.cpp
  Air.cpp
  SDLCompat.cpp
  Generating Code...
  Compiling...
  resampler.cpp
  Probability.cpp
  PowderToySDL.cpp
  PowderToyRenderer.cpp
  Platform.cpp
  Misc.cpp
  TPTSTypes.cpp
  TPTScriptInterface.cpp
  socket.lua.cpp
  LuaWindow.cpp
  LuaTextbox.cpp
  LuaSlider.cpp
  LuaScriptInterface.cpp
  LuaProgressBar.cpp
  LuaLabel.cpp
  LuaComponent.cpp
  LuaCheckbox.cpp
  LuaButton.cpp
  LuaBit.cpp
  LegacyLuaAPI.cpp
  Generating Code...
  Compiling...
  CommandInterface.cpp
  jsoncpp.cpp
  UpdateActivity.cpp
  TagsView.cpp
  TagsModel.cpp
  TagsController.cpp
  Style.cpp
  Thumbnail.cpp
  SearchView.cpp
  SearchModel.cpp
  SearchController.cpp
  ServerSaveActivity.cpp
  LocalSaveActivity.cpp
  RenderView.cpp
  RenderModel.cpp
  RenderController.cpp
  ProfileActivity.cpp
  PreviewView.cpp
  PreviewModel.cpp
  PreviewController.cpp
  Generating Code...
  Compiling...
  OptionsView.cpp
  OptionsModel.cpp
  OptionsController.cpp
  LoginView.cpp
  LoginModel.cpp
  LoginController.cpp
  LocalBrowserView.cpp
  LocalBrowserModel.cpp
  LocalBrowserController.cpp
  Window.cpp
  Textbox.cpp
  Spinner.cpp
  Slider.cpp
  ScrollPanel.cpp
  SaveButton.cpp
  RichLabel.cpp
  ProgressBar.cpp
  Panel.cpp
  Label.cpp
  Engine.cpp
  Generating Code...
  Compiling...
  DropDown.cpp
  CopyTextButton.cpp
  ContextMenu.cpp
  Component.cpp
  Checkbox.cpp
  Button.cpp
  AvatarButton.cpp
  Appearance.cpp
  ToolButton.cpp
  Tool.cpp
  SignTool.cpp
  SampleTool.cpp
  PropertyTool.cpp
  GameView.cpp
  GameModel.cpp
  GameController.cpp
  Favorite.cpp
  Brush.cpp
  FileBrowserActivity.cpp
  ElementSearchActivity.cpp
  Generating Code...
  Compiling...
  TextPrompt.cpp
  SaveIDMessage.cpp
  InformationMessage.cpp
  ErrorMessage.cpp
  ConfirmPrompt.cpp
  ConsoleView.cpp
  ConsoleModel.cpp
  ConsoleController.cpp
  ColourPickerActivity.cpp
  Renderer.cpp
  RasterGraphics.cpp
  OpenGLGraphics.cpp
  Graphics.cpp
  Format.cpp
  ParticleDebug.cpp
  ElementPopulation.cpp
  DebugParts.cpp
  DebugLines.cpp
  SaveInfo.cpp
  SaveFile.cpp
  Generating Code...
  Compiling...
  WebRequest.cpp
  ThumbRenderRequest.cpp
  RequestBroker.cpp
  ImageRequest.cpp
  APIRequest.cpp
  MD5.cpp
  HTTP.cpp
  GameSave.cpp
  DownloadManager.cpp
  Download.cpp
  Client.cpp
  BSON.cpp
  MEAT.cpp
  GMET.cpp
  ToolClasses.cpp
  ElementClasses.cpp
  GBEF.cpp
  CUME.cpp
  BEEF.cpp
  Generating Code...
  wsocket.c
  usocket.c
  unix.c
  udp.c
  timeout.c
  tcp.c
  select.c
  options.c
  luasocket.c
  io.c
  inet.c
  except.c
  buffer.c
  auxiliar.c
  LuaCompat.c
  Generating Code...
  The-Powder-Toy++.vcxproj -> C:\Users\Minseo\Documents\TPTModProject\Build\Powder.exe
